<?xml version="1.0" encoding="UTF-8"?>
<!-- Generated by org.testng.reporters.JUnitReportReporter -->
<testsuite hostname="DESKTOP-NIKNT8S" failures="0" tests="6" name="TestArithmetic" time="0.027" errors="0" timestamp="2024-04-29T17:55:56 PDT" skipped="0">
  <testcase classname="TestArithmetic" name="TestMultiFunction1" time="0.023"/>
  <system-out/>
  <testcase classname="TestArithmetic" name="TestMultiFunction1" time="0.001"/>
  <system-out/>
  <testcase classname="TestArithmetic" name="TestAdditionFunction1" time="0.002"/>
  <system-out/>
  <testcase classname="TestArithmetic" name="TestAdditionFunction1" time="0.001"/>
  <system-out/>
  <testcase classname="TestArithmetic" name="TestAdditionFunction" time="0.000"/>
  <system-out/>
  <testcase classname="TestArithmetic" name="TestAdditionFunction" time="0.000"/>
  <system-out/>
</testsuite> <!-- TestArithmetic -->
