<?xml version="1.0" encoding="UTF-8"?>
<!-- Generated by org.testng.reporters.JUnitReportReporter -->
<testsuite hostname="DESKTOP-NIKNT8S" failures="0" tests="4" name="JavaBasicFunctions" time="0.003" errors="0" timestamp="2024-04-29T17:55:56 PDT" skipped="0">
  <testcase classname="JavaBasicFunctions" name="TestAdditionFunction2" time="0.001"/>
  <system-out/>
  <testcase classname="JavaBasicFunctions" name="TestAdditionFunction2" time="0.002"/>
  <system-out/>
  <testcase classname="JavaBasicFunctions" name="TestAdditionFunction1" time="0.000"/>
  <system-out/>
  <testcase classname="JavaBasicFunctions" name="TestAdditionFunction1" time="0.000"/>
  <system-out/>
</testsuite> <!-- JavaBasicFunctions -->
